  ChromaEngineApp.cpp
E:\Projects\OpenGL\ChromaEngine\ChromaEngine\ChromaEngine\Header\Core\ChromaEngineApp.h(27,32): warning C4251:  'Chroma::ChromaEngineApp::win': class 'std::unique_ptr<MSWindow,std::default_delete<_Ty>>' needs to have dll-interface to be used by clients of class 'Chroma::ChromaEngineApp'
E:\Projects\OpenGL\ChromaEngine\ChromaEngine\ChromaEngine\Header\Core\ChromaEngineApp.h(27,32): warning C4251:         with
E:\Projects\OpenGL\ChromaEngine\ChromaEngine\ChromaEngine\Header\Core\ChromaEngineApp.h(27,32): warning C4251:         [
E:\Projects\OpenGL\ChromaEngine\ChromaEngine\ChromaEngine\Header\Core\ChromaEngineApp.h(27,32): warning C4251:             _Ty=MSWindow
E:\Projects\OpenGL\ChromaEngine\ChromaEngine\ChromaEngine\Header\Core\ChromaEngineApp.h(27,32): warning C4251:         ]
E:\Projects\OpenGL\ChromaEngine\ChromaEngine\ChromaEngine\Header\Core\ChromaEngineApp.h(27): message :  see declaration of 'std::unique_ptr<MSWindow,std::default_delete<_Ty>>'
E:\Projects\OpenGL\ChromaEngine\ChromaEngine\ChromaEngine\Header\Core\ChromaEngineApp.h(27): message :         with
E:\Projects\OpenGL\ChromaEngine\ChromaEngine\ChromaEngine\Header\Core\ChromaEngineApp.h(27): message :         [
E:\Projects\OpenGL\ChromaEngine\ChromaEngine\ChromaEngine\Header\Core\ChromaEngineApp.h(27): message :             _Ty=MSWindow
E:\Projects\OpenGL\ChromaEngine\ChromaEngine\ChromaEngine\Header\Core\ChromaEngineApp.h(27): message :         ]
C:\Program Files (x86)\Windows Kits\10\Include\10.0.18362.0\shared\minwindef.h(130,1): warning C4005:  'APIENTRY': macro redefinition
E:\Projects\OpenGL\ChromaEngine\ChromaEngine\ChromaEngine\Header\GLFW\glfw3.h(123): message :  see previous definition of 'APIENTRY'
E:\Projects\OpenGL\ChromaEngine\ChromaEngine\ChromaEngine\Source\Core\ChromaEngineApp.cpp(22,43): error C2276:  '&': illegal operation on bound member function expression
E:\Projects\OpenGL\ChromaEngine\ChromaEngine\ChromaEngine\Source\Core\ChromaEngineApp.cpp(22,30): error C2672:  'std::bind': no matching overloaded function found
E:\Projects\OpenGL\ChromaEngine\ChromaEngine\ChromaEngine\Source\Core\ChromaEngineApp.cpp(33,65): error C2276:  '&': illegal operation on bound member function expression
E:\Projects\OpenGL\ChromaEngine\ChromaEngine\ChromaEngine\Source\Core\ChromaEngineApp.cpp(33,46): error C2672:  'std::bind': no matching overloaded function found
E:\Projects\OpenGL\ChromaEngine\ChromaEngine\ChromaEngine\Source\Core\ChromaEngineApp.cpp(33,13): error C2672:  'EventDispatcher::Dispatch': no matching overloaded function found
E:\Projects\OpenGL\ChromaEngine\ChromaEngine\ChromaEngine\Source\Core\ChromaEngineApp.cpp(34,67): error C2276:  '&': illegal operation on bound member function expression
E:\Projects\OpenGL\ChromaEngine\ChromaEngine\ChromaEngine\Source\Core\ChromaEngineApp.cpp(34,47): error C2672:  'std::bind': no matching overloaded function found
E:\Projects\OpenGL\ChromaEngine\ChromaEngine\ChromaEngine\Source\Core\ChromaEngineApp.cpp(34,13): error C2672:  'EventDispatcher::Dispatch': no matching overloaded function found
