e:\projects\opengl\chromaengine\chromaengine\bin\chromaengine\debug\x64\chromaengine.lib
e:\projects\opengl\chromaengine\chromaengine\bin\chromaengine\debug\x64\chromaengine.exp
e:\projects\opengl\chromaengine\chromaengine\bin\int\chromaengine\debug\x64\vc142.pdb
e:\projects\opengl\chromaengine\chromaengine\bin\int\chromaengine\debug\x64\vc142.idb
e:\projects\opengl\chromaengine\chromaengine\bin\int\chromaengine\debug\x64\log.obj
e:\projects\opengl\chromaengine\chromaengine\bin\int\chromaengine\debug\x64\mousescrollevent.obj
e:\projects\opengl\chromaengine\chromaengine\bin\int\chromaengine\debug\x64\mousemoveevent.obj
e:\projects\opengl\chromaengine\chromaengine\bin\int\chromaengine\debug\x64\mousebuttonreleasedevent.obj
e:\projects\opengl\chromaengine\chromaengine\bin\int\chromaengine\debug\x64\mousebuttonpressedevent.obj
e:\projects\opengl\chromaengine\chromaengine\bin\int\chromaengine\debug\x64\mousebuttonevent.obj
e:\projects\opengl\chromaengine\chromaengine\bin\int\chromaengine\debug\x64\keytypedevent.obj
e:\projects\opengl\chromaengine\chromaengine\bin\int\chromaengine\debug\x64\keyreleasedevent.obj
e:\projects\opengl\chromaengine\chromaengine\bin\int\chromaengine\debug\x64\keypressedevent.obj
e:\projects\opengl\chromaengine\chromaengine\bin\int\chromaengine\debug\x64\keyevent.obj
e:\projects\opengl\chromaengine\chromaengine\bin\int\chromaengine\debug\x64\eventdispatcher.obj
e:\projects\opengl\chromaengine\chromaengine\bin\int\chromaengine\debug\x64\event.obj
e:\projects\opengl\chromaengine\chromaengine\bin\int\chromaengine\debug\x64\windowresizeevent.obj
e:\projects\opengl\chromaengine\chromaengine\bin\int\chromaengine\debug\x64\windowcloseevent.obj
e:\projects\opengl\chromaengine\chromaengine\bin\int\chromaengine\debug\x64\appupdateevent.obj
e:\projects\opengl\chromaengine\chromaengine\bin\int\chromaengine\debug\x64\apptickevent.obj
e:\projects\opengl\chromaengine\chromaengine\bin\int\chromaengine\debug\x64\apprenderevent.obj
e:\projects\opengl\chromaengine\chromaengine\bin\int\chromaengine\debug\x64\mswindow.obj
e:\projects\opengl\chromaengine\chromaengine\bin\int\chromaengine\debug\x64\chromaengineapp.obj
e:\projects\opengl\chromaengine\chromaengine\bin\int\chromaengine\debug\x64\mousecode.obj
e:\projects\opengl\chromaengine\chromaengine\bin\chromaengine\debug\x64\chromaengine.ilk
e:\projects\opengl\chromaengine\chromaengine\bin\chromaengine\debug\x64\chromaengine.dll
e:\projects\opengl\chromaengine\chromaengine\bin\chromaengine\debug\x64\chromaengine.pdb
e:\projects\opengl\chromaengine\chromaengine\bin\int\chromaengine\debug\x64\chromaengine.tlog\chromaengine.write.1u.tlog
e:\projects\opengl\chromaengine\chromaengine\bin\int\chromaengine\debug\x64\chromaengine.tlog\cl.command.1.tlog
e:\projects\opengl\chromaengine\chromaengine\bin\int\chromaengine\debug\x64\chromaengine.tlog\cl.read.1.tlog
e:\projects\opengl\chromaengine\chromaengine\bin\int\chromaengine\debug\x64\chromaengine.tlog\cl.write.1.tlog
e:\projects\opengl\chromaengine\chromaengine\bin\int\chromaengine\debug\x64\chromaengine.tlog\link.command.1.tlog
e:\projects\opengl\chromaengine\chromaengine\bin\int\chromaengine\debug\x64\chromaengine.tlog\link.read.1.tlog
e:\projects\opengl\chromaengine\chromaengine\bin\int\chromaengine\debug\x64\chromaengine.tlog\link.write.1.tlog
