  ChromaSandbox.cpp
E:\Projects\OpenGL\ChromaEngine\ChromaEngine\ChromaEngine\Header\Core\ChromaEngineApp.h(18,30): warning C4251:  'Chroma::ChromaEngineApp::win': class 'std::unique_ptr<Window,std::default_delete<_Ty>>' needs to have dll-interface to be used by clients of class 'Chroma::ChromaEngineApp'
E:\Projects\OpenGL\ChromaEngine\ChromaEngine\ChromaEngine\Header\Core\ChromaEngineApp.h(18,30): warning C4251:         with
E:\Projects\OpenGL\ChromaEngine\ChromaEngine\ChromaEngine\Header\Core\ChromaEngineApp.h(18,30): warning C4251:         [
E:\Projects\OpenGL\ChromaEngine\ChromaEngine\ChromaEngine\Header\Core\ChromaEngineApp.h(18,30): warning C4251:             _Ty=Window
E:\Projects\OpenGL\ChromaEngine\ChromaEngine\ChromaEngine\Header\Core\ChromaEngineApp.h(18,30): warning C4251:         ]
  SandboxApp.cpp
E:\Projects\OpenGL\ChromaEngine\ChromaEngine\ChromaEngine\Header\Core\ChromaEngineApp.h(18): message :  see declaration of 'std::unique_ptr<Window,std::default_delete<_Ty>>'
E:\Projects\OpenGL\ChromaEngine\ChromaEngine\ChromaEngine\Header\Core\ChromaEngineApp.h(18): message :         with
E:\Projects\OpenGL\ChromaEngine\ChromaEngine\ChromaEngine\Header\Core\ChromaEngineApp.h(18): message :         [
E:\Projects\OpenGL\ChromaEngine\ChromaEngine\ChromaEngine\Header\Core\ChromaEngineApp.h(18): message :             _Ty=Window
E:\Projects\OpenGL\ChromaEngine\ChromaEngine\ChromaEngine\Header\Core\ChromaEngineApp.h(18): message :         ]
E:\Projects\OpenGL\ChromaEngine\ChromaEngine\ChromaEngine\Header\Core\ChromaEngineApp.h(18,30): warning C4251:  'Chroma::ChromaEngineApp::win': class 'std::unique_ptr<Window,std::default_delete<_Ty>>' needs to have dll-interface to be used by clients of class 'Chroma::ChromaEngineApp'
E:\Projects\OpenGL\ChromaEngine\ChromaEngine\ChromaEngine\Header\Core\ChromaEngineApp.h(18,30): warning C4251:         with
E:\Projects\OpenGL\ChromaEngine\ChromaEngine\ChromaEngine\Header\Core\ChromaEngineApp.h(18,30): warning C4251:         [
E:\Projects\OpenGL\ChromaEngine\ChromaEngine\ChromaEngine\Header\Core\ChromaEngineApp.h(18,30): warning C4251:             _Ty=Window
E:\Projects\OpenGL\ChromaEngine\ChromaEngine\ChromaEngine\Header\Core\ChromaEngineApp.h(18,30): warning C4251:         ]
E:\Projects\OpenGL\ChromaEngine\ChromaEngine\ChromaEngine\Header\Core\ChromaEngineApp.h(18): message :  see declaration of 'std::unique_ptr<Window,std::default_delete<_Ty>>'
E:\Projects\OpenGL\ChromaEngine\ChromaEngine\ChromaEngine\Header\Core\ChromaEngineApp.h(18): message :         with
E:\Projects\OpenGL\ChromaEngine\ChromaEngine\ChromaEngine\Header\Core\ChromaEngineApp.h(18): message :         [
E:\Projects\OpenGL\ChromaEngine\ChromaEngine\ChromaEngine\Header\Core\ChromaEngineApp.h(18): message :             _Ty=Window
E:\Projects\OpenGL\ChromaEngine\ChromaEngine\ChromaEngine\Header\Core\ChromaEngineApp.h(18): message :         ]
  Generating code
  Previous IPDB not found, fall back to full compilation.
  All 3 functions were compiled because no usable IPDB/IOBJ from previous compilation was found.
  Finished generating code
  ChromaSandbox.vcxproj -> E:\Projects\OpenGL\ChromaEngine\ChromaEngine\bin\ChromaSandbox\Release\x64\ChromaSandbox.exe
  Copies engine dll to sandbox bin
          1 file(s) copied.
