  MouseCode.h
  ChromaEngineApp.cpp
E:\Projects\OpenGL\ChromaEngine\ChromaEngine\ChromaEngine\Header\Core\ChromaEngineApp.h(18,30): warning C4251:  'Chroma::ChromaEngineApp::win': class 'std::unique_ptr<Window,std::default_delete<_Ty>>' needs to have dll-interface to be used by clients of class 'Chroma::ChromaEngineApp'
E:\Projects\OpenGL\ChromaEngine\ChromaEngine\ChromaEngine\Header\Core\ChromaEngineApp.h(18,30): warning C4251:         with
E:\Projects\OpenGL\ChromaEngine\ChromaEngine\ChromaEngine\Header\Core\ChromaEngineApp.h(18,30): warning C4251:         [
E:\Projects\OpenGL\ChromaEngine\ChromaEngine\ChromaEngine\Header\Core\ChromaEngineApp.h(18,30): warning C4251:             _Ty=Window
E:\Projects\OpenGL\ChromaEngine\ChromaEngine\ChromaEngine\Header\Core\ChromaEngineApp.h(18,30): warning C4251:         ]
E:\Projects\OpenGL\ChromaEngine\ChromaEngine\ChromaEngine\Header\Core\ChromaEngineApp.h(18): message :  see declaration of 'std::unique_ptr<Window,std::default_delete<_Ty>>'
E:\Projects\OpenGL\ChromaEngine\ChromaEngine\ChromaEngine\Header\Core\ChromaEngineApp.h(18): message :         with
E:\Projects\OpenGL\ChromaEngine\ChromaEngine\ChromaEngine\Header\Core\ChromaEngineApp.h(18): message :         [
E:\Projects\OpenGL\ChromaEngine\ChromaEngine\ChromaEngine\Header\Core\ChromaEngineApp.h(18): message :             _Ty=Window
E:\Projects\OpenGL\ChromaEngine\ChromaEngine\ChromaEngine\Header\Core\ChromaEngineApp.h(18): message :         ]
C:\Program Files (x86)\Windows Kits\10\Include\10.0.18362.0\shared\minwindef.h(130,1): warning C4005:  'APIENTRY': macro redefinition
  MSWindow.cpp
E:\Projects\OpenGL\ChromaEngine\ChromaEngine\ChromaEngine\Header\GLFW\glfw3.h(123): message :  see previous definition of 'APIENTRY'
C:\Program Files (x86)\Windows Kits\10\Include\10.0.18362.0\shared\minwindef.h(130,1): warning C4005:  'APIENTRY': macro redefinition
  AppRenderEvent.cpp
  AppTickEvent.cpp
  AppUpdateEvent.cpp
  WindowCloseEvent.cpp
  WindowResizeEvent.cpp
  Event.cpp
  EventDispatcher.cpp
  KeyEvent.cpp
  KeyPressedEvent.cpp
  KeyReleasedEvent.cpp
  KeyTypedEvent.cpp
  MouseButtonEvent.cpp
  MouseButtonPressedEvent.cpp
  MouseButtonReleasedEvent.cpp
  MouseMoveEvent.cpp
  MouseScrollEvent.cpp
  Log.cpp
E:\Projects\OpenGL\ChromaEngine\ChromaEngine\ChromaEngine\Header\GLFW\glfw3.h(123): message :  see previous definition of 'APIENTRY'
     Creating library E:\Projects\OpenGL\ChromaEngine\ChromaEngine\bin\ChromaEngine\Release\x64\ChromaEngine.lib and object E:\Projects\OpenGL\ChromaEngine\ChromaEngine\bin\ChromaEngine\Release\x64\ChromaEngine.exp
  Generating code
  Previous IPDB not found, fall back to full compilation.
  All 146 functions were compiled because no usable IPDB/IOBJ from previous compilation was found.
  Finished generating code
  ChromaEngine.vcxproj -> E:\Projects\OpenGL\ChromaEngine\ChromaEngine\bin\ChromaEngine\Release\x64\ChromaEngine.dll
